/home/nhan/auvc_ws/src/intro_to_ros/install/intro_to_ros/lib/python3.12/site-packages/intro_to_ros/publisher.py
/home/nhan/auvc_ws/src/intro_to_ros/install/intro_to_ros/lib/python3.12/site-packages/intro_to_ros/bluerov2_sensors.py
/home/nhan/auvc_ws/src/intro_to_ros/install/intro_to_ros/lib/python3.12/site-packages/intro_to_ros/subscriber.py
/home/nhan/auvc_ws/src/intro_to_ros/install/intro_to_ros/lib/python3.12/site-packages/intro_to_ros/__init__.py
/home/nhan/auvc_ws/src/intro_to_ros/install/intro_to_ros/lib/python3.12/site-packages/intro_to_ros/__pycache__/publisher.cpython-312.pyc
/home/nhan/auvc_ws/src/intro_to_ros/install/intro_to_ros/lib/python3.12/site-packages/intro_to_ros/__pycache__/bluerov2_sensors.cpython-312.pyc
/home/nhan/auvc_ws/src/intro_to_ros/install/intro_to_ros/lib/python3.12/site-packages/intro_to_ros/__pycache__/subscriber.cpython-312.pyc
/home/nhan/auvc_ws/src/intro_to_ros/install/intro_to_ros/lib/python3.12/site-packages/intro_to_ros/__pycache__/__init__.cpython-312.pyc
/home/nhan/auvc_ws/src/intro_to_ros/install/intro_to_ros/share/ament_index/resource_index/packages/intro_to_ros
/home/nhan/auvc_ws/src/intro_to_ros/install/intro_to_ros/share/intro_to_ros/package.xml
/home/nhan/auvc_ws/src/intro_to_ros/install/intro_to_ros/lib/python3.12/site-packages/intro_to_ros-0.0.0-py3.12.egg-info/SOURCES.txt
/home/nhan/auvc_ws/src/intro_to_ros/install/intro_to_ros/lib/python3.12/site-packages/intro_to_ros-0.0.0-py3.12.egg-info/top_level.txt
/home/nhan/auvc_ws/src/intro_to_ros/install/intro_to_ros/lib/python3.12/site-packages/intro_to_ros-0.0.0-py3.12.egg-info/entry_points.txt
/home/nhan/auvc_ws/src/intro_to_ros/install/intro_to_ros/lib/python3.12/site-packages/intro_to_ros-0.0.0-py3.12.egg-info/zip-safe
/home/nhan/auvc_ws/src/intro_to_ros/install/intro_to_ros/lib/python3.12/site-packages/intro_to_ros-0.0.0-py3.12.egg-info/requires.txt
/home/nhan/auvc_ws/src/intro_to_ros/install/intro_to_ros/lib/python3.12/site-packages/intro_to_ros-0.0.0-py3.12.egg-info/dependency_links.txt
/home/nhan/auvc_ws/src/intro_to_ros/install/intro_to_ros/lib/python3.12/site-packages/intro_to_ros-0.0.0-py3.12.egg-info/PKG-INFO
/home/nhan/auvc_ws/src/intro_to_ros/install/intro_to_ros/lib/intro_to_ros/bluerov2_sensors
/home/nhan/auvc_ws/src/intro_to_ros/install/intro_to_ros/lib/intro_to_ros/publisher
/home/nhan/auvc_ws/src/intro_to_ros/install/intro_to_ros/lib/intro_to_ros/subscriber
