[0.892s] DEBUG:colcon:Command line arguments: ['/usr/bin/colcon', 'build']
[0.893s] DEBUG:colcon:Parsed command line arguments: Namespace(log_base=None, log_level=None, verb_name='build', build_base='build', install_base='install', merge_install=False, symlink_install=False, test_result_base=None, continue_on_error=False, executor='parallel', parallel_workers=4, event_handlers=None, ignore_user_meta=False, metas=['./colcon.meta'], base_paths=['.'], packages_ignore=None, packages_ignore_regex=None, paths=None, packages_up_to=None, packages_up_to_regex=None, packages_above=None, packages_above_and_dependencies=None, packages_above_depth=None, packages_select_by_dep=None, packages_skip_by_dep=None, packages_skip_up_to=None, packages_select_build_failed=False, packages_skip_build_finished=False, packages_select_test_failures=False, packages_skip_test_passed=False, packages_select=None, packages_skip=None, packages_select_regex=None, packages_skip_regex=None, packages_start=None, packages_end=None, allow_overriding=[], cmake_args=None, cmake_target=None, cmake_target_skip_unavailable=False, cmake_clean_cache=False, cmake_clean_first=False, cmake_force_configure=False, ament_cmake_args=None, catkin_cmake_args=None, catkin_skip_building_tests=False, mixin_files=None, mixin=None, verb_parser=<colcon_mixin.mixin.mixin_argument.MixinArgumentDecorator object at 0xffff8b0863c0>, verb_extension=<colcon_core.verb.build.BuildVerb object at 0xffff8b18fa70>, main=<bound method BuildVerb.main of <colcon_core.verb.build.BuildVerb object at 0xffff8b18fa70>>, mixin_verb=('build',))
[1.149s] Level 1:colcon.colcon_core.package_discovery:discover_packages(colcon_meta) check parameters
[1.150s] Level 1:colcon.colcon_core.package_discovery:discover_packages(recursive) check parameters
[1.151s] Level 1:colcon.colcon_core.package_discovery:discover_packages(ignore) check parameters
[1.151s] Level 1:colcon.colcon_core.package_discovery:discover_packages(path) check parameters
[1.152s] Level 1:colcon.colcon_core.package_discovery:discover_packages(colcon_meta) discover
[1.152s] Level 1:colcon.colcon_core.package_discovery:discover_packages(recursive) discover
[1.153s] INFO:colcon.colcon_core.package_discovery:Crawling recursively for packages in '/home/nhan/auvc_ws/src/intro_to_ros'
[1.154s] Level 1:colcon.colcon_core.package_identification:_identify(.) by extensions ['ignore', 'ignore_ament_install']
[1.155s] Level 1:colcon.colcon_core.package_identification:_identify(.) by extension 'ignore'
[1.156s] Level 1:colcon.colcon_core.package_identification:_identify(.) by extension 'ignore_ament_install'
[1.157s] Level 1:colcon.colcon_core.package_identification:_identify(.) by extensions ['colcon_pkg']
[1.158s] Level 1:colcon.colcon_core.package_identification:_identify(.) by extension 'colcon_pkg'
[1.158s] Level 1:colcon.colcon_core.package_identification:_identify(.) by extensions ['colcon_meta']
[1.159s] Level 1:colcon.colcon_core.package_identification:_identify(.) by extension 'colcon_meta'
[1.160s] Level 1:colcon.colcon_core.package_identification:_identify(.) by extensions ['ros']
[1.160s] Level 1:colcon.colcon_core.package_identification:_identify(.) by extension 'ros'
[1.331s] DEBUG:colcon.colcon_core.package_identification:Package '.' with type 'ros.ament_python' and name 'intro_to_ros'
[1.332s] Level 1:colcon.colcon_core.package_discovery:discover_packages(recursive) using defaults
[1.333s] Level 1:colcon.colcon_core.package_discovery:discover_packages(ignore) discover
[1.333s] Level 1:colcon.colcon_core.package_discovery:discover_packages(ignore) using defaults
[1.334s] Level 1:colcon.colcon_core.package_discovery:discover_packages(path) discover
[1.334s] Level 1:colcon.colcon_core.package_discovery:discover_packages(path) using defaults
[1.437s] Level 1:colcon.colcon_core.package_discovery:discover_packages(prefix_path) check parameters
[1.437s] Level 1:colcon.colcon_core.package_discovery:discover_packages(prefix_path) discover
[1.450s] DEBUG:colcon.colcon_installed_package_information.package_discovery:Found 2 installed packages in /home/nhan/auvc_ws/install
[1.461s] DEBUG:colcon.colcon_installed_package_information.package_discovery:Found 257 installed packages in /opt/ros/jazzy
[1.465s] Level 1:colcon.colcon_core.package_discovery:discover_packages(prefix_path) using defaults
[1.803s] Level 5:colcon.colcon_core.verb:set package 'intro_to_ros' build argument 'cmake_args' from command line to 'None'
[1.804s] Level 5:colcon.colcon_core.verb:set package 'intro_to_ros' build argument 'cmake_target' from command line to 'None'
[1.804s] Level 5:colcon.colcon_core.verb:set package 'intro_to_ros' build argument 'cmake_target_skip_unavailable' from command line to 'False'
[1.804s] Level 5:colcon.colcon_core.verb:set package 'intro_to_ros' build argument 'cmake_clean_cache' from command line to 'False'
[1.804s] Level 5:colcon.colcon_core.verb:set package 'intro_to_ros' build argument 'cmake_clean_first' from command line to 'False'
[1.805s] Level 5:colcon.colcon_core.verb:set package 'intro_to_ros' build argument 'cmake_force_configure' from command line to 'False'
[1.805s] Level 5:colcon.colcon_core.verb:set package 'intro_to_ros' build argument 'ament_cmake_args' from command line to 'None'
[1.805s] Level 5:colcon.colcon_core.verb:set package 'intro_to_ros' build argument 'catkin_cmake_args' from command line to 'None'
[1.805s] Level 5:colcon.colcon_core.verb:set package 'intro_to_ros' build argument 'catkin_skip_building_tests' from command line to 'False'
[1.805s] DEBUG:colcon.colcon_core.verb:Building package 'intro_to_ros' with the following arguments: {'ament_cmake_args': None, 'build_base': '/home/nhan/auvc_ws/src/intro_to_ros/build/intro_to_ros', 'catkin_cmake_args': None, 'catkin_skip_building_tests': False, 'cmake_args': None, 'cmake_clean_cache': False, 'cmake_clean_first': False, 'cmake_force_configure': False, 'cmake_target': None, 'cmake_target_skip_unavailable': False, 'install_base': '/home/nhan/auvc_ws/src/intro_to_ros/install/intro_to_ros', 'merge_install': False, 'path': '/home/nhan/auvc_ws/src/intro_to_ros', 'symlink_install': False, 'test_result_base': None}
[1.806s] INFO:colcon.colcon_core.executor:Executing jobs using 'parallel' executor
[1.812s] DEBUG:colcon.colcon_parallel_executor.executor.parallel:run_until_complete
[1.814s] INFO:colcon.colcon_ros.task.ament_python.build:Building ROS package in '/home/nhan/auvc_ws/src/intro_to_ros' with build type 'ament_python'
[1.815s] Level 1:colcon.colcon_core.shell:create_environment_hook('intro_to_ros', 'ament_prefix_path')
[1.831s] INFO:colcon.colcon_core.plugin_system:Skipping extension 'colcon_core.shell.bat': Not used on non-Windows systems
[1.833s] INFO:colcon.colcon_core.shell:Creating environment hook '/home/nhan/auvc_ws/src/intro_to_ros/install/intro_to_ros/share/intro_to_ros/hook/ament_prefix_path.ps1'
[1.838s] INFO:colcon.colcon_core.shell:Creating environment descriptor '/home/nhan/auvc_ws/src/intro_to_ros/install/intro_to_ros/share/intro_to_ros/hook/ament_prefix_path.dsv'
[1.841s] INFO:colcon.colcon_core.shell:Creating environment hook '/home/nhan/auvc_ws/src/intro_to_ros/install/intro_to_ros/share/intro_to_ros/hook/ament_prefix_path.sh'
[1.846s] INFO:colcon.colcon_core.shell:Skip shell extension 'powershell' for command environment: Not usable outside of PowerShell
[1.847s] DEBUG:colcon.colcon_core.shell:Skip shell extension 'dsv' for command environment
[3.950s] INFO:colcon.colcon_core.task.python.build:Building Python package in '/home/nhan/auvc_ws/src/intro_to_ros'
[3.951s] INFO:colcon.colcon_core.shell:Skip shell extension 'powershell' for command environment: Not usable outside of PowerShell
[3.951s] DEBUG:colcon.colcon_core.shell:Skip shell extension 'dsv' for command environment
[9.982s] DEBUG:colcon.colcon_core.event_handler.log_command:Invoking command in '/home/nhan/auvc_ws/src/intro_to_ros/build/intro_to_ros': PYTHONPATH=/home/nhan/auvc_ws/src/intro_to_ros/build/intro_to_ros/prefix_override:/usr/lib/python3/dist-packages/colcon_core/task/python/colcon_distutils_commands:/home/nhan/auvc_ws/src/intro_to_ros/install/intro_to_ros/lib/python3.12/site-packages:${PYTHONPATH} /usr/bin/python3 -W ignore:setup.py install is deprecated setup.py develop --uninstall --editable --build-directory /home/nhan/auvc_ws/src/intro_to_ros/build/intro_to_ros/build
[16.113s] DEBUG:colcon.colcon_core.event_handler.log_command:Invoked command in '/home/nhan/auvc_ws/src/intro_to_ros/build/intro_to_ros' returned '0': PYTHONPATH=/home/nhan/auvc_ws/src/intro_to_ros/build/intro_to_ros/prefix_override:/usr/lib/python3/dist-packages/colcon_core/task/python/colcon_distutils_commands:/home/nhan/auvc_ws/src/intro_to_ros/install/intro_to_ros/lib/python3.12/site-packages:${PYTHONPATH} /usr/bin/python3 -W ignore:setup.py install is deprecated setup.py develop --uninstall --editable --build-directory /home/nhan/auvc_ws/src/intro_to_ros/build/intro_to_ros/build
[16.121s] DEBUG:colcon.colcon_core.event_handler.log_command:Invoking command in '/home/nhan/auvc_ws/src/intro_to_ros': PYTHONPATH=/home/nhan/auvc_ws/src/intro_to_ros/build/intro_to_ros/prefix_override:/usr/lib/python3/dist-packages/colcon_core/task/python/colcon_distutils_commands:/home/nhan/auvc_ws/src/intro_to_ros/install/intro_to_ros/lib/python3.12/site-packages:${PYTHONPATH} /usr/bin/python3 -W ignore:setup.py install is deprecated setup.py egg_info --egg-base build/intro_to_ros build --build-base /home/nhan/auvc_ws/src/intro_to_ros/build/intro_to_ros/build install --record /home/nhan/auvc_ws/src/intro_to_ros/build/intro_to_ros/install.log --single-version-externally-managed install_data --force
[27.349s] DEBUG:colcon.colcon_core.event_handler.log_command:Invoked command in '/home/nhan/auvc_ws/src/intro_to_ros' returned '0': PYTHONPATH=/home/nhan/auvc_ws/src/intro_to_ros/build/intro_to_ros/prefix_override:/usr/lib/python3/dist-packages/colcon_core/task/python/colcon_distutils_commands:/home/nhan/auvc_ws/src/intro_to_ros/install/intro_to_ros/lib/python3.12/site-packages:${PYTHONPATH} /usr/bin/python3 -W ignore:setup.py install is deprecated setup.py egg_info --egg-base build/intro_to_ros build --build-base /home/nhan/auvc_ws/src/intro_to_ros/build/intro_to_ros/build install --record /home/nhan/auvc_ws/src/intro_to_ros/build/intro_to_ros/install.log --single-version-externally-managed install_data --force
[27.564s] Level 1:colcon.colcon_core.environment:checking '/home/nhan/auvc_ws/src/intro_to_ros/install/intro_to_ros' for CMake module files
[27.652s] Level 1:colcon.colcon_core.environment:checking '/home/nhan/auvc_ws/src/intro_to_ros/install/intro_to_ros' for CMake config files
[27.724s] Level 1:colcon.colcon_core.environment:checking '/home/nhan/auvc_ws/src/intro_to_ros/install/intro_to_ros/lib'
[27.736s] Level 1:colcon.colcon_core.environment:checking '/home/nhan/auvc_ws/src/intro_to_ros/install/intro_to_ros/bin'
[27.737s] Level 1:colcon.colcon_core.environment:checking '/home/nhan/auvc_ws/src/intro_to_ros/install/intro_to_ros/lib/pkgconfig/intro_to_ros.pc'
[27.754s] Level 1:colcon.colcon_core.environment:checking '/home/nhan/auvc_ws/src/intro_to_ros/install/intro_to_ros/lib/python3.12/site-packages'
[27.766s] Level 1:colcon.colcon_core.shell:create_environment_hook('intro_to_ros', 'pythonpath')
[27.780s] INFO:colcon.colcon_core.shell:Creating environment hook '/home/nhan/auvc_ws/src/intro_to_ros/install/intro_to_ros/share/intro_to_ros/hook/pythonpath.ps1'
[27.819s] INFO:colcon.colcon_core.shell:Creating environment descriptor '/home/nhan/auvc_ws/src/intro_to_ros/install/intro_to_ros/share/intro_to_ros/hook/pythonpath.dsv'
[27.847s] INFO:colcon.colcon_core.shell:Creating environment hook '/home/nhan/auvc_ws/src/intro_to_ros/install/intro_to_ros/share/intro_to_ros/hook/pythonpath.sh'
[27.887s] Level 1:colcon.colcon_core.environment:checking '/home/nhan/auvc_ws/src/intro_to_ros/install/intro_to_ros/bin'
[27.897s] Level 1:colcon.colcon_core.environment:create_environment_scripts_only(intro_to_ros)
[27.912s] INFO:colcon.colcon_core.shell:Creating package script '/home/nhan/auvc_ws/src/intro_to_ros/install/intro_to_ros/share/intro_to_ros/package.ps1'
[27.932s] INFO:colcon.colcon_core.shell:Creating package descriptor '/home/nhan/auvc_ws/src/intro_to_ros/install/intro_to_ros/share/intro_to_ros/package.dsv'
[27.969s] INFO:colcon.colcon_core.shell:Creating package script '/home/nhan/auvc_ws/src/intro_to_ros/install/intro_to_ros/share/intro_to_ros/package.sh'
[27.991s] INFO:colcon.colcon_core.shell:Creating package script '/home/nhan/auvc_ws/src/intro_to_ros/install/intro_to_ros/share/intro_to_ros/package.bash'
[28.015s] INFO:colcon.colcon_core.shell:Creating package script '/home/nhan/auvc_ws/src/intro_to_ros/install/intro_to_ros/share/intro_to_ros/package.zsh'
[28.051s] Level 1:colcon.colcon_core.environment:create_file_with_runtime_dependencies(/home/nhan/auvc_ws/src/intro_to_ros/install/intro_to_ros/share/colcon-core/packages/intro_to_ros)
[28.065s] DEBUG:colcon.colcon_parallel_executor.executor.parallel:closing loop
[28.082s] DEBUG:colcon.colcon_parallel_executor.executor.parallel:loop closed
[28.083s] DEBUG:colcon.colcon_parallel_executor.executor.parallel:run_until_complete finished with '0'
[28.083s] DEBUG:colcon.colcon_core.event_reactor:joining thread
[28.405s] INFO:colcon.colcon_core.plugin_system:Skipping extension 'colcon_notification.desktop_notification.notify_send': Could not find 'notify-send'
[28.407s] INFO:colcon.colcon_core.plugin_system:Skipping extension 'colcon_notification.desktop_notification.terminal_notifier': Not used on non-Darwin systems
[28.419s] INFO:colcon.colcon_core.plugin_system:Skipping extension 'colcon_notification.desktop_notification.win32': Not used on non-Windows systems
[28.420s] INFO:colcon.colcon_notification.desktop_notification:Sending desktop notification using 'notify2'
[28.460s] DEBUG:colcon.colcon_notification.desktop_notification.notify2:Failed to initialize notify2: org.freedesktop.DBus.Error.ServiceUnknown: The name org.freedesktop.Notifications was not provided by any .service files
[28.475s] DEBUG:colcon.colcon_core.event_reactor:joined thread
[28.478s] INFO:colcon.colcon_core.shell:Creating prefix script '/home/nhan/auvc_ws/src/intro_to_ros/install/local_setup.ps1'
[28.514s] INFO:colcon.colcon_core.shell:Creating prefix util module '/home/nhan/auvc_ws/src/intro_to_ros/install/_local_setup_util_ps1.py'
[28.569s] INFO:colcon.colcon_core.shell:Creating prefix chain script '/home/nhan/auvc_ws/src/intro_to_ros/install/setup.ps1'
[28.643s] INFO:colcon.colcon_core.shell:Creating prefix script '/home/nhan/auvc_ws/src/intro_to_ros/install/local_setup.sh'
[28.670s] INFO:colcon.colcon_core.shell:Creating prefix util module '/home/nhan/auvc_ws/src/intro_to_ros/install/_local_setup_util_sh.py'
[28.688s] INFO:colcon.colcon_core.shell:Creating prefix chain script '/home/nhan/auvc_ws/src/intro_to_ros/install/setup.sh'
[28.721s] INFO:colcon.colcon_core.shell:Creating prefix script '/home/nhan/auvc_ws/src/intro_to_ros/install/local_setup.bash'
[28.753s] INFO:colcon.colcon_core.shell:Creating prefix chain script '/home/nhan/auvc_ws/src/intro_to_ros/install/setup.bash'
[28.780s] INFO:colcon.colcon_core.shell:Creating prefix script '/home/nhan/auvc_ws/src/intro_to_ros/install/local_setup.zsh'
[28.784s] INFO:colcon.colcon_core.shell:Creating prefix chain script '/home/nhan/auvc_ws/src/intro_to_ros/install/setup.zsh'
