[5.451s] Invoking command in '/home/nhan/auvc_ws/src/intro_to_ros/build/intro_to_ros': PYTHONPATH=/home/nhan/auvc_ws/src/intro_to_ros/build/intro_to_ros/prefix_override:/usr/lib/python3/dist-packages/colcon_core/task/python/colcon_distutils_commands:/home/nhan/auvc_ws/src/intro_to_ros/install/intro_to_ros/lib/python3.12/site-packages:${PYTHONPATH} /usr/bin/python3 -W ignore:setup.py install is deprecated setup.py develop --editable --build-directory /home/nhan/auvc_ws/src/intro_to_ros/build/intro_to_ros/build --no-deps symlink_data
[9.956s] running develop
[9.958s] /usr/lib/python3/dist-packages/setuptools/command/develop.py:40: EasyInstallDeprecationWarning: easy_install command is deprecated.
[9.961s] !!
[9.964s] 
[9.965s]         ********************************************************************************
[9.965s]         Please avoid running ``setup.py`` and ``easy_install``.
[9.966s]         Instead, use pypa/build, pypa/installer or other
[9.968s]         standards-based tools.
[9.969s] 
[9.970s]         See https://github.com/pypa/setuptools/issues/917 for details.
[9.970s]         ********************************************************************************
[9.971s] 
[9.972s] !!
[9.973s]   easy_install.initialize_options(self)
[13.351s] running egg_info
[13.354s] creating intro_to_ros.egg-info
[13.708s] writing intro_to_ros.egg-info/PKG-INFO
[13.712s] writing dependency_links to intro_to_ros.egg-info/dependency_links.txt
[13.717s] writing entry points to intro_to_ros.egg-info/entry_points.txt
[13.720s] writing requirements to intro_to_ros.egg-info/requires.txt
[13.721s] writing top-level names to intro_to_ros.egg-info/top_level.txt
[13.724s] writing manifest file 'intro_to_ros.egg-info/SOURCES.txt'
[14.469s] reading manifest file 'intro_to_ros.egg-info/SOURCES.txt'
[14.474s] writing manifest file 'intro_to_ros.egg-info/SOURCES.txt'
[14.876s] running build_ext
[14.877s] Creating /home/nhan/auvc_ws/src/intro_to_ros/install/intro_to_ros/lib/python3.12/site-packages/intro-to-ros.egg-link (link to .)
[14.883s] Installing bluerov2_sensors script to /home/nhan/auvc_ws/src/intro_to_ros/install/intro_to_ros/lib/intro_to_ros
[14.884s] Installing publisher script to /home/nhan/auvc_ws/src/intro_to_ros/install/intro_to_ros/lib/intro_to_ros
[14.887s] Installing subscriber script to /home/nhan/auvc_ws/src/intro_to_ros/install/intro_to_ros/lib/intro_to_ros
[14.888s] 
[14.890s] Installed /home/nhan/auvc_ws/src/intro_to_ros/build/intro_to_ros
[14.895s] running symlink_data
[14.897s] creating /home/nhan/auvc_ws/src/intro_to_ros/install/intro_to_ros/share/ament_index
[14.899s] creating /home/nhan/auvc_ws/src/intro_to_ros/install/intro_to_ros/share/ament_index/resource_index
[14.901s] creating /home/nhan/auvc_ws/src/intro_to_ros/install/intro_to_ros/share/ament_index/resource_index/packages
[14.904s] symbolically linking /home/nhan/auvc_ws/src/intro_to_ros/build/intro_to_ros/resource/intro_to_ros -> /home/nhan/auvc_ws/src/intro_to_ros/install/intro_to_ros/share/ament_index/resource_index/packages
[14.908s] symbolically linking /home/nhan/auvc_ws/src/intro_to_ros/build/intro_to_ros/package.xml -> /home/nhan/auvc_ws/src/intro_to_ros/install/intro_to_ros/share/intro_to_ros
[15.242s] Invoked command in '/home/nhan/auvc_ws/src/intro_to_ros/build/intro_to_ros' returned '0': PYTHONPATH=/home/nhan/auvc_ws/src/intro_to_ros/build/intro_to_ros/prefix_override:/usr/lib/python3/dist-packages/colcon_core/task/python/colcon_distutils_commands:/home/nhan/auvc_ws/src/intro_to_ros/install/intro_to_ros/lib/python3.12/site-packages:${PYTHONPATH} /usr/bin/python3 -W ignore:setup.py install is deprecated setup.py develop --editable --build-directory /home/nhan/auvc_ws/src/intro_to_ros/build/intro_to_ros/build --no-deps symlink_data
